<?xml version="1.0" encoding="UTF-8"?>
<testng-results ignored="0" total="1" passed="1" failed="0" skipped="0">
  <reporter-output>
  </reporter-output>
  <suite started-at="2026-06-11T16:14:50 IST" name="Suite" finished-at="2026-06-11T16:16:09 IST" duration-ms="78549">
    <groups>
    </groups>
    <test started-at="2026-06-11T16:14:50 IST" name="Test" finished-at="2026-06-11T16:16:09 IST" duration-ms="78549">
      <class name="tests.GUIAutomationTest">
        <test-method is-config="true" signature="setup()[pri:0, instance:tests.GUIAutomationTest@557caf28]" started-at="2026-06-11T16:14:50 IST" name="setup" finished-at="2026-06-11T16:14:58 IST" duration-ms="8114" status="PASS">
          <reporter-output>
          </reporter-output>
        </test-method> <!-- setup -->
        <test-method signature="completeAutomation()[pri:0, instance:tests.GUIAutomationTest@557caf28]" started-at="2026-06-11T16:14:58 IST" name="completeAutomation" finished-at="2026-06-11T16:16:08 IST" duration-ms="69773" status="PASS">
          <reporter-output>
          </reporter-output>
        </test-method> <!-- completeAutomation -->
        <test-method is-config="true" signature="tearDown()[pri:0, instance:tests.GUIAutomationTest@557caf28]" started-at="2026-06-11T16:16:08 IST" name="tearDown" finished-at="2026-06-11T16:16:09 IST" duration-ms="598" status="PASS">
          <reporter-output>
          </reporter-output>
        </test-method> <!-- tearDown -->
      </class> <!-- tests.GUIAutomationTest -->
    </test> <!-- Test -->
  </suite> <!-- Suite -->
</testng-results>
